2020-01-15 11:00:06,786 main - 将新节点[3 3] 插入节点[0 0]后继
2020-01-15 11:00:06,789 main - 将新节点[3 4] 插入节点[3 3]后继
2020-01-15 11:00:06,791 main - 将新节点[4 3] 插入节点[3 3]后继
2020-01-15 11:00:06,791 main - 将新节点[3 1] 插入节点[3 3]后继
2020-01-15 11:00:06,857 main - 节点[x轴头节点 0 0]
2020-01-15 11:00:06,857 main - 节点[ddv 3 3]
2020-01-15 11:00:06,857 main - 节点[three 3 1]
2020-01-15 11:00:06,858 main - 节点[mio 4 3]
2020-01-15 11:00:06,858 main - 节点[two 3 4]
2020-01-15 11:02:12,731 main - 将新节点[3 3] 插入节点[0 0]后继
2020-01-15 11:03:37,942 main - 将新节点[3 1] 插入节点[3 3]后继
2020-01-15 11:03:40,043 main - 将新节点[3 3] 插入节点[0 0]后继
2020-01-15 11:06:35,741 main - 将新节点[3 1] 插入节点[3 3]后继
2020-01-15 11:06:37,718 main - 将新节点[3 3] 插入节点[0 0]后继
2020-01-15 11:06:37,720 main - 将新节点[3 1] 插入节点[3 3]后继
2020-01-15 11:06:37,785 main - 节点[x轴头节点 0 0]
2020-01-15 11:06:37,785 main - 节点[ddv 3 3]
2020-01-15 11:06:37,785 main - 节点[three 3 1]
2020-01-15 11:06:48,807 main - 将新节点[3 3] 插入节点[0 0]后继
2020-01-15 11:07:58,389 main - 将新节点[3 1] 插入节点[3 3]后继
2020-01-15 11:08:00,440 main - 将新节点[3 3] 插入节点[0 0]后继
2020-01-15 11:08:00,447 main - 将新节点[3 1] 插入节点[0 0]后继
2020-01-15 11:08:00,548 main - 节点[x轴头节点 0 0]
2020-01-15 11:08:00,548 main - 节点[three 3 1]
2020-01-15 11:08:00,548 main - 节点[ddv 3 3]
2020-01-15 11:10:05,510 main - 将新节点[3 3] 插入节点[0 0]后继
2020-01-15 11:10:05,512 main - 将新节点[3 4] 插入节点[3 3]后继
2020-01-15 11:10:05,522 main - 将新节点[3 1] 插入节点[0 0]后继
2020-01-15 11:10:05,630 main - 节点[x轴头节点 0 0]
2020-01-15 11:10:05,630 main - 节点[three 3 1]
2020-01-15 11:10:05,631 main - 节点[ddv 3 3]
2020-01-15 11:10:05,631 main - 节点[two 3 4]
2020-01-15 11:10:27,280 main - 将新节点[3 3] 插入节点[0 0]后继
2020-01-15 11:10:27,282 main - 将新节点[2 1] 插入节点[0 0]后继
2020-01-15 11:10:27,284 main - 将新节点[3 1] 插入节点[2 1]后继
2020-01-15 11:10:27,368 main - 节点[x轴头节点 0 0]
2020-01-15 11:10:27,368 main - 节点[two 2 1]
2020-01-15 11:10:27,368 main - 节点[three 3 1]
2020-01-15 11:10:27,369 main - 节点[ddv 3 3]
2020-01-15 11:31:39,805 main - 将新节点[3 3] 插入节点[0 0]后继
2020-01-15 11:31:39,808 main - 将新节点[2 1] 插入节点[0 0]后继
2020-01-15 11:31:39,811 main - 将新节点[3 1] 插入节点[2 1]后继
2020-01-15 11:31:39,871 main - 节点[x轴头节点 0 0]
2020-01-15 11:31:39,871 main - 节点[two 2 1]
2020-01-15 11:31:39,871 main - 节点[three 3 1]
2020-01-15 11:31:39,871 main - 节点[ddv 3 3]
2020-01-15 11:32:01,350 main - 将新节点[2 0] 插入节点[0 0]后继
2020-01-15 11:32:34,472 main - 将新节点[1 0] 插入节点[2 0]后继
2020-01-15 11:36:09,745 main - 将新节点[3 3] 插入节点[0 0]后继
2020-01-15 11:36:09,748 main - 将新节点[2 1] 插入节点[0 0]后继
2020-01-15 11:36:09,754 main - 将新节点[3 1] 插入节点[2 1]后继
2020-01-15 11:36:09,755 main - 将新节点[2 0] 插入节点[0 0]后继
2020-01-15 11:36:09,756 main - 将新节点[1 0] 插入节点[2 0]后继
2020-01-15 11:36:09,826 main - 节点[x轴头节点 0 0]
2020-01-15 11:36:09,827 main - 节点[2_0 2 0]
2020-01-15 11:36:09,827 main - 节点[1_0 1 0]
2020-01-15 11:36:09,827 main - 节点[two 2 1]
2020-01-15 11:36:09,827 main - 节点[three 3 1]
2020-01-15 11:36:09,827 main - 节点[ddv 3 3]
2020-01-15 11:36:13,479 main - 将新节点[3 3] 插入节点[0 0]后继
2020-01-15 11:36:13,481 main - 将新节点[2 1] 插入节点[0 0]后继
2020-01-15 11:36:13,484 main - 将新节点[3 1] 插入节点[2 1]后继
2020-01-15 11:39:25,230 main - 将新节点[2 0] 插入节点[0 0]后继
2020-01-15 11:39:25,230 main - 将新节点[1 0] 插入节点[2 0]后继
2020-01-15 11:39:27,185 main - 将新节点[3 3] 插入节点[0 0]后继
2020-01-15 11:39:27,187 main - 将新节点[2 1] 插入节点[0 0]后继
2020-01-15 11:39:27,190 main - 将新节点[3 1] 插入节点[3 3]后继
2020-01-15 11:39:27,190 main - 将新节点[2 0] 插入节点[2 1]后继
2020-01-15 11:39:27,190 main - 将新节点[1 0] 插入节点[0 0]后继
2020-01-15 11:39:27,263 main - 节点[x轴头节点 0 0]
2020-01-15 11:39:27,264 main - 节点[1_0 1 0]
2020-01-15 11:39:27,264 main - 节点[two 2 1]
2020-01-15 11:39:27,264 main - 节点[2_0 2 0]
2020-01-15 11:39:27,264 main - 节点[ddv 3 3]
2020-01-15 11:39:27,264 main - 节点[three 3 1]
2020-01-15 11:40:22,833 main - 将新节点[3 3] 插入节点[0 0]后继
2020-01-15 11:40:22,837 main - 将新节点[2 1] 插入节点[0 0]后继
2020-01-15 11:40:22,848 main - 将新节点[3 1] 插入节点[3 3]后继
2020-01-15 11:40:22,849 main - 将新节点[2 0] 插入节点[2 1]后继
2020-01-15 11:40:22,850 main - 将新节点[1 0] 插入节点[0 0]后继
2020-01-15 11:40:22,917 main - 节点[x轴头节点 0 0]
2020-01-15 11:40:22,917 main - 节点[1_0 1 0]
2020-01-15 11:40:22,917 main - 节点[2_1 2 1]
2020-01-15 11:40:22,917 main - 节点[2_0 2 0]
2020-01-15 11:40:22,917 main - 节点[3_3 3 3]
2020-01-15 11:40:22,917 main - 节点[3_1 3 1]
2020-01-15 11:41:08,306 main - 将新节点[3 3] 插入节点[0 0]后继
2020-01-15 11:41:08,308 main - 将新节点[2 1] 插入节点[0 0]后继
2020-01-15 11:41:08,312 main - 将新节点[3 1] 插入节点[3 3]后继
2020-01-15 11:41:08,312 main - 将新节点[2 0] 插入节点[2 1]后继
2020-01-15 11:41:08,313 main - 将新节点[1 0] 插入节点[0 0]后继
2020-01-15 11:41:08,376 main - 节点[x轴头节点 0 0]
2020-01-15 11:41:08,376 main - 节点[1_0 1 0]
2020-01-15 11:41:08,376 main - 节点[2_1 2 1]
2020-01-15 11:41:08,376 main - 节点[2_0 2 0]
2020-01-15 11:41:08,376 main - 节点[3_3 3 3]
2020-01-15 11:41:08,376 main - 节点[3_1 3 1]
2020-01-15 11:43:05,827 main - 将新节点[3 3] 插入节点[0 0]后继
2020-01-15 11:43:05,833 main - 将新节点[2 1] 插入节点[0 0]后继
2020-01-15 11:43:05,843 main - 将新节点[3 1] 插入节点[3 3]后继
2020-01-15 11:45:16,826 main - 将新节点[2 0] 插入节点[2 1]后继
2020-01-15 11:45:16,827 main - 将新节点[1 0] 插入节点[0 0]后继
2020-01-15 11:45:18,958 main - 将新节点[3 3] 插入节点[0 0]后继
2020-01-15 11:45:18,960 main - 将新节点[2 1] 插入节点[0 0]后继
2020-01-15 11:45:18,963 main - 将新节点[3 1] 插入节点[2 1]后继
2020-01-15 11:45:18,963 main - 将新节点[2 0] 插入节点[0 0]后继
2020-01-15 11:45:18,963 main - 将新节点[1 0] 插入节点[0 0]后继
2020-01-15 11:45:19,036 main - 节点[x轴头节点 0 0]
2020-01-15 11:45:19,037 main - 节点[1_0 1 0]
2020-01-15 11:45:19,037 main - 节点[2_0 2 0]
2020-01-15 11:45:19,037 main - 节点[2_1 2 1]
2020-01-15 11:45:19,037 main - 节点[3_1 3 1]
2020-01-15 11:45:19,037 main - 节点[3_3 3 3]
2020-01-15 11:46:16,663 main - 将新节点[3 3] 插入节点[0 0]后继
2020-01-15 11:46:16,666 main - 将新节点[2 1] 插入节点[0 0]后继
2020-01-15 11:46:16,670 main - 将新节点[3 1] 插入节点[2 1]后继
2020-01-15 11:46:16,671 main - 将新节点[2 0] 插入节点[0 0]后继
2020-01-15 11:46:16,672 main - 将新节点[1 0] 插入节点[0 0]后继
2020-01-15 11:46:16,672 main - 将新节点[0 1] 插入节点[2 0]后继
2020-01-15 11:46:16,740 main - 节点[x轴头节点 0 0]
2020-01-15 11:46:16,740 main - 节点[1_0 1 0]
2020-01-15 11:46:16,740 main - 节点[2_0 2 0]
2020-01-15 11:46:16,740 main - 节点[0_1 0 1]
2020-01-15 11:46:16,740 main - 节点[2_1 2 1]
2020-01-15 11:46:16,740 main - 节点[3_1 3 1]
2020-01-15 11:46:16,741 main - 节点[3_3 3 3]
